<?xml version="1.0" encoding="UTF-8"?>
<!-- Generated by org.testng.reporters.JUnitXMLReporter -->
<testsuite ignored="0" hostname="DESKTOP-042KE08" failures="0" tests="4" name="Test" time="0.318" errors="0" timestamp="2023-10-25T15:11:51 IST">
  <testcase classname="com.Equarz.Testcases.wishlisttest" name="@BeforeMethod initialize" time="0.151">
    <failure type="java.lang.IllegalStateException" message="The path to the driver executable must be set by the webdriver.gecko.driver system property; for more information, see https://github.com/mozilla/geckodriver. The latest version can be downloaded from https://github.com/mozilla/geckodriver/releases">
      <![CDATA[java.lang.IllegalStateException: The path to the driver executable must be set by the webdriver.gecko.driver system property; for more information, see https://github.com/mozilla/geckodriver. The latest version can be downloaded from https://github.com/mozilla/geckodriver/releases
at com.google.common.base.Preconditions.checkState(Preconditions.java:847)
at org.openqa.selenium.remote.service.DriverService.findExecutable(DriverService.java:125)
at org.openqa.selenium.firefox.GeckoDriverService.access$100(GeckoDriverService.java:43)
at org.openqa.selenium.firefox.GeckoDriverService$Builder.findDefaultExecutable(GeckoDriverService.java:168)
at org.openqa.selenium.remote.service.DriverService$Builder.build(DriverService.java:346)
at org.openqa.selenium.firefox.FirefoxDriver.toExecutor(FirefoxDriver.java:168)
at org.openqa.selenium.firefox.FirefoxDriver.<init>(FirefoxDriver.java:125)
at org.openqa.selenium.firefox.FirefoxDriver.<init>(FirefoxDriver.java:103)
at com.base.Testbase.Setup(Testbase.java:54)
at com.Equarz.Testcases.wishlisttest.initialize(wishlisttest.java:23)
at java.base/java.util.ArrayList.forEach(ArrayList.java:1511)
... Removed 31 stack frames]]>
    </failure>
  </testcase> <!-- @BeforeMethod initialize -->
  <testcase classname="com.Equarz.Testcases.wishlisttest" name="@AfterMethod teardown" time="0.0">
    <skipped/>
  </testcase> <!-- @AfterMethod teardown -->
  <testcase classname="com.Equarz.Testcases.wishlisttest" name="@BeforeMethod initialize" time="0.0">
    <skipped/>
  </testcase> <!-- @BeforeMethod initialize -->
  <testcase classname="com.Equarz.Testcases.wishlisttest" name="@AfterMethod teardown" time="0.0">
    <skipped/>
  </testcase> <!-- @AfterMethod teardown -->
  <testcase classname="com.Equarz.Testcases.wishlisttest" name="@BeforeMethod initialize" time="0.0">
    <skipped/>
  </testcase> <!-- @BeforeMethod initialize -->
  <testcase classname="com.Equarz.Testcases.wishlisttest" name="@AfterMethod teardown" time="0.0">
    <skipped/>
  </testcase> <!-- @AfterMethod teardown -->
  <testcase classname="com.Equarz.Testcases.wishlisttest" name="@BeforeMethod initialize" time="0.0">
    <skipped/>
  </testcase> <!-- @BeforeMethod initialize -->
  <testcase classname="com.Equarz.Testcases.wishlisttest" name="@AfterMethod teardown" time="0.0">
    <skipped/>
  </testcase> <!-- @AfterMethod teardown -->
  <testcase classname="com.Equarz.Testcases.wishlisttest" name="bannerwishlist" time="0.0">
    <skipped/>
  </testcase> <!-- bannerwishlist -->
  <testcase classname="com.Equarz.Testcases.wishlisttest" name="categorywishlist" time="0.001">
    <skipped/>
  </testcase> <!-- categorywishlist -->
  <testcase classname="com.Equarz.Testcases.wishlisttest" name="homewishlist" time="0.0">
    <skipped/>
  </testcase> <!-- homewishlist -->
  <testcase classname="com.Equarz.Testcases.wishlisttest" name="searchwishlist" time="0.001">
    <skipped/>
  </testcase> <!-- searchwishlist -->
</testsuite> <!-- Test -->
