<?xml version="1.0" encoding="UTF-8"?>
<!-- Generated by org.testng.reporters.JUnitXMLReporter -->
<testsuite ignored="0" hostname="DESKTOP-042KE08" failures="1" tests="1" name="Test" time="26.789" errors="0" timestamp="2023-10-26T15:12:59 IST">
  <testcase classname="com.Equarz.Testcases.LoginTest" name="verifylog" time="6.287">
    <failure type="java.lang.AssertionError" message="expected [http://e-quarz.com/] but found [http://e-quarz.co/]">
      <![CDATA[java.lang.AssertionError: expected [http://e-quarz.com/] but found [http://e-quarz.co/]
at com.Pageobjects.Login_Functionality.validateLogin(Login_Functionality.java:48)
at com.Equarz.Testcases.LoginTest.verifylog(LoginTest.java:32)
at java.base/java.util.ArrayList.forEach(ArrayList.java:1511)
... Removed 33 stack frames]]>
    </failure>
  </testcase> <!-- verifylog -->
</testsuite> <!-- Test -->
